<?xml version="1.0" encoding="UTF-8"?>
<!-- Generated by org.testng.reporters.JUnitReportReporter -->
<testsuite skipped="0" hostname="ASDW0119" name="EdurekaMain.Test1" tests="2" failures="0" timestamp="06 Jan 2020 14:38:23 GMT" time="16.646" errors="0">
  <testcase name="Test12" time="13.651" classname="EdurekaMain.Test1"/>
  <testcase name="Test22" time="2.995" classname="EdurekaMain.Test1"/>
</testsuite> <!-- EdurekaMain.Test1 -->
